INFO 2023-10-17 17:25:03,264 autoreload 24177 140346580340736Watching for file changes with StatReloader
WARNING 2023-10-17 17:25:28,139 log 24177 140346537145920Not Found: /lesson_1app/
WARNING 2023-10-17 17:25:28,140 basehttp 24177 140346537145920"GET /lesson_1app/ HTTP/1.1" 404 2457
WARNING 2023-10-17 17:25:28,260 log 24177 140346537145920Not Found: /favicon.ico
WARNING 2023-10-17 17:25:28,263 basehttp 24177 140346537145920"GET /favicon.ico HTTP/1.1" 404 2218
INFO 2023-10-17 17:26:28,793 basehttp 24177 140346537145920"GET /lesson_1 HTTP/1.1" 200 612
WARNING 2023-10-17 17:26:38,089 log 24177 140346537145920Not Found: /lesson_1/about_me
WARNING 2023-10-17 17:26:38,090 basehttp 24177 140346537145920"GET /lesson_1/about_me HTTP/1.1" 404 2472
WARNING 2023-10-17 17:26:43,160 log 24177 140346537145920Not Found: /lesson_1/about
WARNING 2023-10-17 17:26:43,162 basehttp 24177 140346537145920"GET /lesson_1/about HTTP/1.1" 404 2463
WARNING 2023-10-17 17:27:00,199 log 24177 140346537145920Not Found: /lesson_1/about/
WARNING 2023-10-17 17:27:00,200 basehttp 24177 140346537145920"GET /lesson_1/about/ HTTP/1.1" 404 2466
INFO 2023-10-17 17:28:22,829 autoreload 24177 140346580340736/home/pcih/Рабочий стол/git_gb/framework_django/lesson_1/urls.py changed, reloading.
INFO 2023-10-17 17:28:23,312 autoreload 24782 140326764802048Watching for file changes with StatReloader
WARNING 2023-10-17 17:28:24,469 log 24782 140326647887424Not Found: /lesson_1/about/
WARNING 2023-10-17 17:28:24,470 basehttp 24782 140326647887424"GET /lesson_1/about/ HTTP/1.1" 404 2466
WARNING 2023-10-17 17:28:27,720 log 24782 140326647887424Not Found: /lesson_1/about/
WARNING 2023-10-17 17:28:27,721 basehttp 24782 140326647887424"GET /lesson_1/about/ HTTP/1.1" 404 2466
WARNING 2023-10-17 17:28:42,728 log 24782 140326647887424Not Found: /lesson_1/about
WARNING 2023-10-17 17:28:42,730 basehttp 24782 140326647887424"GET /lesson_1/about HTTP/1.1" 404 2463
WARNING 2023-10-17 17:29:06,142 log 24782 140326647887424Not Found: /lesson_1/about
WARNING 2023-10-17 17:29:06,143 basehttp 24782 140326647887424"GET /lesson_1/about HTTP/1.1" 404 2463
INFO 2023-10-17 17:29:06,218 autoreload 24782 140326764802048/home/pcih/Рабочий стол/git_gb/framework_django/lesson_1/urls.py changed, reloading.
INFO 2023-10-17 17:29:06,793 autoreload 24980 140392656199680Watching for file changes with StatReloader
WARNING 2023-10-17 17:29:08,459 log 24980 140392612927040Not Found: /lesson_1/about
WARNING 2023-10-17 17:29:08,460 basehttp 24980 140392612927040"GET /lesson_1/about HTTP/1.1" 404 2462
WARNING 2023-10-17 17:29:09,358 log 24980 140392612927040Not Found: /lesson_1/about
WARNING 2023-10-17 17:29:09,359 basehttp 24980 140392612927040"GET /lesson_1/about HTTP/1.1" 404 2462
WARNING 2023-10-17 17:29:09,981 log 24980 140392612927040Not Found: /lesson_1/about
WARNING 2023-10-17 17:29:09,982 basehttp 24980 140392612927040"GET /lesson_1/about HTTP/1.1" 404 2462
WARNING 2023-10-17 17:29:10,697 log 24980 140392612927040Not Found: /lesson_1/about
WARNING 2023-10-17 17:29:10,698 basehttp 24980 140392612927040"GET /lesson_1/about HTTP/1.1" 404 2462
WARNING 2023-10-17 17:29:30,604 log 24980 140392612927040Not Found: /lesson_1/
WARNING 2023-10-17 17:29:30,605 basehttp 24980 140392612927040"GET /lesson_1/ HTTP/1.1" 404 2447
INFO 2023-10-17 17:29:33,891 basehttp 24980 140392612927040"GET /lesson_1 HTTP/1.1" 200 612
INFO 2023-10-17 17:29:42,687 autoreload 24980 140392656199680/home/pcih/Рабочий стол/git_gb/framework_django/lesson_1/urls.py changed, reloading.
INFO 2023-10-17 17:29:43,294 autoreload 25121 140604376760320Watching for file changes with StatReloader
INFO 2023-10-17 17:29:52,428 basehttp 25121 140604333372992"GET /lesson_1/about HTTP/1.1" 200 692
INFO 2023-10-17 17:30:52,522 autoreload 25121 140604376760320/home/pcih/Рабочий стол/git_gb/framework_django/lesson_1/views.py changed, reloading.
INFO 2023-10-17 17:30:52,999 autoreload 25294 140538895368192Watching for file changes with StatReloader
INFO 2023-10-17 17:31:10,507 autoreload 25294 140538895368192/home/pcih/Рабочий стол/git_gb/framework_django/lesson_1/views.py changed, reloading.
INFO 2023-10-17 17:31:10,999 autoreload 25377 139785322409984Watching for file changes with StatReloader
INFO 2023-10-17 17:31:13,885 basehttp 25377 139785279125056"GET /lesson_1/about HTTP/1.1" 200 682
WARNING 2023-10-17 17:31:18,295 log 25377 139785279125056Not Found: /lesson_1/
WARNING 2023-10-17 17:31:18,296 basehttp 25377 139785279125056"GET /lesson_1/ HTTP/1.1" 404 2448
INFO 2023-10-17 17:31:23,294 basehttp 25377 139785279125056"GET /lesson_1 HTTP/1.1" 200 609
INFO 2023-10-17 17:31:25,475 basehttp 25377 139785279125056"GET /lesson_1 HTTP/1.1" 200 609
INFO 2023-10-17 17:31:33,473 basehttp 25377 139785279125056"GET /lesson_1/about HTTP/1.1" 200 682
